
vbSPT, VB3_HMManalysis, Copyright (C) 2012 Martin Lindén and Fredrik Persson 
v 1.1.2, Martin Lindén 2014.

This program comes with ABSOLUTELY NO WARRANTY. 
This is free software, and you are welcome to redistribute it 
under certain conditions. See license.txt for details. 

Additional permission under GNU GPL version 3 section 7 

If you modify this Program, or any covered work, by linking or combining it 
with Matlab or any Matlab toolbox, the licensors of this Program grant you 
additional permission to convey the resulting work. 

----------
18-May-2022 17:02:39 : Starting greedy optimization to find best model.
jobID        : Anders: vbSPT job is running
runinput file: /home/dell/Documents/METHOD/denglabpku-repository/anisotropy/ExampleData/AngularAnalysis/GlobalAnisotropy//FolderWithRunInputFiles/vbSPT_RunInputFileBatch1.m
input  file  : /home/dell/Documents/METHOD/denglabpku-repository/anisotropy/ExampleData/AngularAnalysis/GlobalAnisotropy//QC_data_reformatted/U2OS_FOXA2-Halo_133Hz_pooled_QC_CD2_reformatted.mat
trj field    : CellTracks
output file  : /home/dell/Documents/METHOD/denglabpku-repository/anisotropy/ExampleData/AngularAnalysis/GlobalAnisotropy/HMM_first_QC_data/U2OS_FOXA2-Halo_133Hz_pooled_QC_CD2_classified.mat
log file     : /home/dell/Documents/METHOD/denglabpku-repository/anisotropy/ExampleData/AngularAnalysis/GlobalAnisotropy/HMM_first_QC_data/U2OS_FOXA2-Halo_133Hz_pooled_QC_CD2_classified.log
----------
Read options structure based on runinput file /home/dell/Documents/METHOD/denglabpku-repository/anisotropy/ExampleData/AngularAnalysis/GlobalAnisotropy//FolderWithRunInputFiles/vbSPT_RunInputFileBatch1.m
Starting parallel pool (parpool) using the 'local' profile ...
Connected to the parallel pool (number of workers: 12).
theVBpool = 
 <a href="matlab: helpPopup parallel.ProcessPool" style="font-weight:bold">ProcessPool</a> with properties: 

            Connected: true
           NumWorkers: 12
              Cluster: <a href="matlab: parallel.internal.display.Displayer.displayObject('789CAD54C14E0231102D2B4B24518217C347905DE4E44D138851036280046F4B810AABDDEDDA5D12B979F4533CFA291EBD78E7E827D8B22D94B280062779E9CEECBC99CE745A90BAAA0326398637860CC33EC3118825355FD3A05E69B4B85E6408208518236CB97E84A80FB13570C300C3897531C6B882C72133D79187FC88C8F8974AFC4311D7147A46E492F9B85E883FBF0CE59F444E38C978592D1EF7F93017F10CA103A5DE92B9E01B097C753F26ABDF143A5F792F649C69FA777DE3355FB81875280C02441D47F65DE12FF225F785FB1752EBEB9E6AFE86B0ED31B034A0CBF022F0CEF029FE4B694F0204AA308220E11CD71E3A5891B4C8B94D5209BA6A33C06A3DBA8F2A396555E72D2DECEAF91E2B71F2429F97D88F4BB76AA40F711C2F6FFC6D5E0A427F66B8A5E49E1DFDCA7EAF49AF15110A8788278A5CE2C7F69BB1D721F411D170D9BF899EC62E4561C3C7AE8F6A6E1FF9A1EB0FB97F7B44111C68FE7CDFA75BFA20E75AF681EB382E7BC6EF6EE117353ED7ED11F1903D4018DB9607230C7BF62CA423FAEA3C905E6837CBA5F2094CDA67664B7FB3C21E4BF57C769F157ED6D8CC37C4D76E79BFCF74FE81C6D7E7D55CE2AFBEBBBA9FCED7F325CD2100CB73F8DFFC57B0F9DDBD036A9F635D7D77D57BB9CBBBCBE507C1197EAB')">local</a>
        AttachedFiles: {}
    AutoAddClientPath: true
          IdleTimeout: 30 minutes (30 minutes remaining)
          SpmdEnabled: true
Iter 2. Adding 3377 extra transitions to final model helped : dF/|F| = 1.7113e-09, time : 0.074858 s.
Iter 2. Finished greedy search in 0.53284 s, with 2 states.
Iter 3. Adding 3374 extra transitions to final model helped : dF/|F| = 1.9694e-09, time : 0.079783 s.
Iter 3. Finished greedy search in 0.54954 s, with 2 states.
Iter 1. Adding 3377 extra transitions to final model helped : dF/|F| = 2.2392e-09, time : 0.07169 s.
Iter 1. Finished greedy search in 0.68804 s, with 2 states.
Sorting and regenerating best model and estimates
 N     it   dF/|F|   d<p>/p   p 
01     2  0.00e+00 0.00e+00  M.wPi , F : 2.108e+05 
Converged normally after 2 iterations, relTolF = 1e-08, tolPar = 0.01, (M.wPi limiting). 
 N     it   dF/|F|   d<p>/p   p 
02     2  1.39e-10 5.78e-05  M.wB , F : 3.359e+05 
Converged normally after 2 iterations, relTolF = 1e-08, tolPar = 0.01, (M.wB limiting). 
Best model size: 2, from iteration 2.
Saving /home/dell/Documents/METHOD/denglabpku-repository/anisotropy/ExampleData/AngularAnalysis/GlobalAnisotropy/HMM_first_QC_data/U2OS_FOXA2-Halo_133Hz_pooled_QC_CD2_classified.mat after 0.41326 min.
Read options structure based on runinput file /home/dell/Documents/METHOD/denglabpku-repository/anisotropy/ExampleData/AngularAnalysis/GlobalAnisotropy//FolderWithRunInputFiles/vbSPT_RunInputFileBatch1.m
Read options structure based on runinput file /home/dell/Documents/METHOD/denglabpku-repository/anisotropy/ExampleData/AngularAnalysis/GlobalAnisotropy//FolderWithRunInputFiles/vbSPT_RunInputFileBatch1.m
jobID: Anders: vbSPT job is running
Starting bootstrapping...
----------
bootstrap : 10 resampling in 1.1281 s.
Finished /home/dell/Documents/METHOD/denglabpku-repository/anisotropy/ExampleData/AngularAnalysis/GlobalAnisotropy//FolderWithRunInputFiles/vbSPT_RunInputFileBatch1.m bootstrapping in 0.031736 min.
Parallel pool using the 'local' profile is shutting down.
18-May-2022 17:03:12 : Finished /home/dell/Documents/METHOD/denglabpku-repository/anisotropy/ExampleData/AngularAnalysis/GlobalAnisotropy//FolderWithRunInputFiles/vbSPT_RunInputFileBatch1.m. Total run time 0.55778 min.
